Analysis & Synthesis report for SIMP
Tue Feb 18 08:06:17 2025
Quartus Prime Version 23.1std.1 Build 993 05/14/2024 SC Lite Edition


---------------------
; Table of Contents ;
---------------------
  1. Legal Notice
  2. Analysis & Synthesis Summary
  3. Analysis & Synthesis Settings
  4. Parallel Compilation
  5. Analysis & Synthesis Source Files Read
  6. Analysis & Synthesis Resource Usage Summary
  7. Analysis & Synthesis Resource Utilization by Entity
  8. State Machine - |simp|i2c_master:i2c_master_uut|state
  9. Registers Removed During Synthesis
 10. Removed Registers Triggering Further Register Optimizations
 11. General Register Statistics
 12. Multiplexer Restructuring Statistics (Restructuring Performed)
 13. Parameter Settings for User Entity Instance: Top-level Entity: |simp
 14. Port Connectivity Checks: "i2c_master:i2c_master_uut"
 15. Post-Synthesis Netlist Statistics for Top Partition
 16. Elapsed Time Per Partition
 17. Analysis & Synthesis Messages



----------------
; Legal Notice ;
----------------
Copyright (C) 2024  Intel Corporation. All rights reserved.
Your use of Intel Corporation's design tools, logic functions 
and other software and tools, and any partner logic 
functions, and any output files from any of the foregoing 
(including device programming or simulation files), and any 
associated documentation or information are expressly subject 
to the terms and conditions of the Intel Program License 
Subscription Agreement, the Intel Quartus Prime License Agreement,
the Intel FPGA IP License Agreement, or other applicable license
agreement, including, without limitation, that your use is for
the sole purpose of programming logic devices manufactured by
Intel and sold by Intel or its authorized distributors.  Please
refer to the applicable agreement for further details, at
https://fpgasoftware.intel.com/eula.



+-------------------------------------------------------------------------------------+
; Analysis & Synthesis Summary                                                        ;
+------------------------------------+------------------------------------------------+
; Analysis & Synthesis Status        ; Successful - Tue Feb 18 08:06:17 2025          ;
; Quartus Prime Version              ; 23.1std.1 Build 993 05/14/2024 SC Lite Edition ;
; Revision Name                      ; SIMP                                           ;
; Top-level Entity Name              ; simp                                           ;
; Family                             ; Cyclone IV E                                   ;
; Total logic elements               ; 0                                              ;
;     Total combinational functions  ; 0                                              ;
;     Dedicated logic registers      ; 0                                              ;
; Total registers                    ; 0                                              ;
; Total pins                         ; 4                                              ;
; Total virtual pins                 ; 0                                              ;
; Total memory bits                  ; 0                                              ;
; Embedded Multiplier 9-bit elements ; 0                                              ;
; Total PLLs                         ; 0                                              ;
+------------------------------------+------------------------------------------------+


+------------------------------------------------------------------------------------------------------------+
; Analysis & Synthesis Settings                                                                              ;
+------------------------------------------------------------------+--------------------+--------------------+
; Option                                                           ; Setting            ; Default Value      ;
+------------------------------------------------------------------+--------------------+--------------------+
; Device                                                           ; EP4CE10E22C8       ;                    ;
; Top-level entity name                                            ; simp               ; SIMP               ;
; Family name                                                      ; Cyclone IV E       ; Cyclone V          ;
; Use smart compilation                                            ; Off                ; Off                ;
; Enable parallel Assembler and Timing Analyzer during compilation ; On                 ; On                 ;
; Enable compact report table                                      ; Off                ; Off                ;
; Restructure Multiplexers                                         ; Auto               ; Auto               ;
; Create Debugging Nodes for IP Cores                              ; Off                ; Off                ;
; Preserve fewer node names                                        ; On                 ; On                 ;
; Intel FPGA IP Evaluation Mode                                    ; Enable             ; Enable             ;
; Verilog Version                                                  ; Verilog_2001       ; Verilog_2001       ;
; VHDL Version                                                     ; VHDL_1993          ; VHDL_1993          ;
; State Machine Processing                                         ; Auto               ; Auto               ;
; Safe State Machine                                               ; Off                ; Off                ;
; Extract Verilog State Machines                                   ; On                 ; On                 ;
; Extract VHDL State Machines                                      ; On                 ; On                 ;
; Ignore Verilog initial constructs                                ; Off                ; Off                ;
; Iteration limit for constant Verilog loops                       ; 5000               ; 5000               ;
; Iteration limit for non-constant Verilog loops                   ; 250                ; 250                ;
; Add Pass-Through Logic to Inferred RAMs                          ; On                 ; On                 ;
; Infer RAMs from Raw Logic                                        ; On                 ; On                 ;
; Parallel Synthesis                                               ; On                 ; On                 ;
; DSP Block Balancing                                              ; Auto               ; Auto               ;
; NOT Gate Push-Back                                               ; On                 ; On                 ;
; Power-Up Don't Care                                              ; On                 ; On                 ;
; Remove Redundant Logic Cells                                     ; Off                ; Off                ;
; Remove Duplicate Registers                                       ; On                 ; On                 ;
; Ignore CARRY Buffers                                             ; Off                ; Off                ;
; Ignore CASCADE Buffers                                           ; Off                ; Off                ;
; Ignore GLOBAL Buffers                                            ; Off                ; Off                ;
; Ignore ROW GLOBAL Buffers                                        ; Off                ; Off                ;
; Ignore LCELL Buffers                                             ; Off                ; Off                ;
; Ignore SOFT Buffers                                              ; On                 ; On                 ;
; Limit AHDL Integers to 32 Bits                                   ; Off                ; Off                ;
; Optimization Technique                                           ; Balanced           ; Balanced           ;
; Carry Chain Length                                               ; 70                 ; 70                 ;
; Auto Carry Chains                                                ; On                 ; On                 ;
; Auto Open-Drain Pins                                             ; On                 ; On                 ;
; Perform WYSIWYG Primitive Resynthesis                            ; Off                ; Off                ;
; Auto ROM Replacement                                             ; On                 ; On                 ;
; Auto RAM Replacement                                             ; On                 ; On                 ;
; Auto DSP Block Replacement                                       ; On                 ; On                 ;
; Auto Shift Register Replacement                                  ; Auto               ; Auto               ;
; Allow Shift Register Merging across Hierarchies                  ; Auto               ; Auto               ;
; Auto Clock Enable Replacement                                    ; On                 ; On                 ;
; Strict RAM Replacement                                           ; Off                ; Off                ;
; Allow Synchronous Control Signals                                ; On                 ; On                 ;
; Force Use of Synchronous Clear Signals                           ; Off                ; Off                ;
; Auto RAM Block Balancing                                         ; On                 ; On                 ;
; Auto RAM to Logic Cell Conversion                                ; Off                ; Off                ;
; Auto Resource Sharing                                            ; Off                ; Off                ;
; Allow Any RAM Size For Recognition                               ; Off                ; Off                ;
; Allow Any ROM Size For Recognition                               ; Off                ; Off                ;
; Allow Any Shift Register Size For Recognition                    ; Off                ; Off                ;
; Use LogicLock Constraints during Resource Balancing              ; On                 ; On                 ;
; Ignore translate_off and synthesis_off directives                ; Off                ; Off                ;
; Timing-Driven Synthesis                                          ; On                 ; On                 ;
; Report Parameter Settings                                        ; On                 ; On                 ;
; Report Source Assignments                                        ; On                 ; On                 ;
; Report Connectivity Checks                                       ; On                 ; On                 ;
; Ignore Maximum Fan-Out Assignments                               ; Off                ; Off                ;
; Synchronization Register Chain Length                            ; 2                  ; 2                  ;
; Power Optimization During Synthesis                              ; Normal compilation ; Normal compilation ;
; HDL message level                                                ; Level2             ; Level2             ;
; Suppress Register Optimization Related Messages                  ; Off                ; Off                ;
; Number of Removed Registers Reported in Synthesis Report         ; 5000               ; 5000               ;
; Number of Swept Nodes Reported in Synthesis Report               ; 5000               ; 5000               ;
; Number of Inverted Registers Reported in Synthesis Report        ; 100                ; 100                ;
; Clock MUX Protection                                             ; On                 ; On                 ;
; Auto Gated Clock Conversion                                      ; Off                ; Off                ;
; Block Design Naming                                              ; Auto               ; Auto               ;
; SDC constraint protection                                        ; Off                ; Off                ;
; Synthesis Effort                                                 ; Auto               ; Auto               ;
; Shift Register Replacement - Allow Asynchronous Clear Signal     ; On                 ; On                 ;
; Pre-Mapping Resynthesis Optimization                             ; Off                ; Off                ;
; Analysis & Synthesis Message Level                               ; Medium             ; Medium             ;
; Disable Register Merging Across Hierarchies                      ; Auto               ; Auto               ;
; Resource Aware Inference For Block RAM                           ; On                 ; On                 ;
+------------------------------------------------------------------+--------------------+--------------------+


+------------------------------------------+
; Parallel Compilation                     ;
+----------------------------+-------------+
; Processors                 ; Number      ;
+----------------------------+-------------+
; Number detected on machine ; 8           ;
; Maximum allowed            ; 4           ;
;                            ;             ;
; Average used               ; 1.00        ;
; Maximum used               ; 1           ;
;                            ;             ;
; Usage by Processor         ; % Time Used ;
;     Processor 1            ; 100.0%      ;
+----------------------------+-------------+


+-----------------------------------------------------------------------------------------------------------------------------------------------------------------------------------+
; Analysis & Synthesis Source Files Read                                                                                                                                            ;
+------------------------------------+-----------------+------------------------------+-----------------------------------------------------------------------------------+---------+
; File Name with User-Entered Path   ; Used in Netlist ; File Type                    ; File Name with Absolute Path                                                      ; Library ;
+------------------------------------+-----------------+------------------------------+-----------------------------------------------------------------------------------+---------+
; ../src/top_module/simp.v           ; yes             ; User Verilog HDL File        ; /home/jonathan/Documents/Universidad/Digital/SIMP/src/top_module/simp.v           ;         ;
; ../src/interfaces/i2c/i2c_master.v ; yes             ; Auto-Found Verilog HDL File  ; /home/jonathan/Documents/Universidad/Digital/SIMP/src/interfaces/i2c/i2c_master.v ;         ;
+------------------------------------+-----------------+------------------------------+-----------------------------------------------------------------------------------+---------+


+----------------------------------------------------------+
; Analysis & Synthesis Resource Usage Summary              ;
+---------------------------------------------+------------+
; Resource                                    ; Usage      ;
+---------------------------------------------+------------+
;                                             ;            ;
; Total combinational functions               ; 0          ;
; Logic element usage by number of LUT inputs ;            ;
;     -- 4 input functions                    ; 0          ;
;     -- 3 input functions                    ; 0          ;
;     -- <=2 input functions                  ; 0          ;
;                                             ;            ;
; Logic elements by mode                      ;            ;
;     -- normal mode                          ; 0          ;
;     -- arithmetic mode                      ; 0          ;
;                                             ;            ;
; Total registers                             ; 0          ;
;     -- Dedicated logic registers            ; 0          ;
;     -- I/O registers                        ; 0          ;
;                                             ;            ;
; I/O pins                                    ; 4          ;
;                                             ;            ;
; Embedded Multiplier 9-bit elements          ; 0          ;
;                                             ;            ;
; Maximum fan-out node                        ; sda~output ;
; Maximum fan-out                             ; 1          ;
; Total fan-out                               ; 5          ;
; Average fan-out                             ; 0.56       ;
+---------------------------------------------+------------+


+----------------------------------------------------------------------------------------------------------------------------------------------------------------------------------------------------------+
; Analysis & Synthesis Resource Utilization by Entity                                                                                                                                                      ;
+----------------------------+---------------------+---------------------------+-------------+--------------+---------+-----------+------+--------------+---------------------+-------------+--------------+
; Compilation Hierarchy Node ; Combinational ALUTs ; Dedicated Logic Registers ; Memory Bits ; DSP Elements ; DSP 9x9 ; DSP 18x18 ; Pins ; Virtual Pins ; Full Hierarchy Name ; Entity Name ; Library Name ;
+----------------------------+---------------------+---------------------------+-------------+--------------+---------+-----------+------+--------------+---------------------+-------------+--------------+
; |simp                      ; 0 (0)               ; 0 (0)                     ; 0           ; 0            ; 0       ; 0         ; 4    ; 0            ; |simp               ; simp        ; work         ;
+----------------------------+---------------------+---------------------------+-------------+--------------+---------+-----------+------+--------------+---------------------+-------------+--------------+
Note: For table entries with two numbers listed, the numbers in parentheses indicate the number of resources of the given type used by the specific entity alone. The numbers listed outside of parentheses indicate the total resources of the given type used by the specific entity and all of its sub-entities in the hierarchy.


Encoding Type:  One-Hot
+-----------------------------------------------------------------------------------------------------------------------+
; State Machine - |simp|i2c_master:i2c_master_uut|state                                                                 ;
+-------------+------------+------------+-------------+------------+------------+-------------+------------+------------+
; Name        ; state.READ ; state.ACK2 ; state.WRITE ; state.ACK1 ; state.ADDR ; state.START ; state.IDLE ; state.STOP ;
+-------------+------------+------------+-------------+------------+------------+-------------+------------+------------+
; state.IDLE  ; 0          ; 0          ; 0           ; 0          ; 0          ; 0           ; 0          ; 0          ;
; state.START ; 0          ; 0          ; 0           ; 0          ; 0          ; 1           ; 1          ; 0          ;
; state.ADDR  ; 0          ; 0          ; 0           ; 0          ; 1          ; 0           ; 1          ; 0          ;
; state.ACK1  ; 0          ; 0          ; 0           ; 1          ; 0          ; 0           ; 1          ; 0          ;
; state.WRITE ; 0          ; 0          ; 1           ; 0          ; 0          ; 0           ; 1          ; 0          ;
; state.ACK2  ; 0          ; 1          ; 0           ; 0          ; 0          ; 0           ; 1          ; 0          ;
; state.READ  ; 1          ; 0          ; 0           ; 0          ; 0          ; 0           ; 1          ; 0          ;
; state.STOP  ; 0          ; 0          ; 0           ; 0          ; 0          ; 0           ; 1          ; 1          ;
+-------------+------------+------------+-------------+------------+------------+-------------+------------+------------+


+-----------------------------------------------------------------------------------------+
; Registers Removed During Synthesis                                                      ;
+-------------------------------------------+---------------------------------------------+
; Register name                             ; Reason for Removal                          ;
+-------------------------------------------+---------------------------------------------+
; i2c_master:i2c_master_uut|bit_count[0]    ; Stuck at GND due to stuck port clock_enable ;
; i2c_master:i2c_master_uut|scl             ; Stuck at VCC due to stuck port preset       ;
; i2c_master:i2c_master_uut|sda_out         ; Stuck at VCC due to stuck port preset       ;
; i2c_master:i2c_master_uut|sda_enable      ; Stuck at VCC due to stuck port preset       ;
; i2c_master:i2c_master_uut|shift_reg[0..7] ; Stuck at GND due to stuck port clock_enable ;
; i2c_master:i2c_master_uut|bit_count[1..3] ; Stuck at GND due to stuck port clock_enable ;
; i2c_master:i2c_master_uut|state~12        ; Lost fanout                                 ;
; i2c_master:i2c_master_uut|state~13        ; Lost fanout                                 ;
; i2c_master:i2c_master_uut|state~14        ; Lost fanout                                 ;
; i2c_master:i2c_master_uut|state.STOP      ; Stuck at GND due to stuck port clear        ;
; i2c_master:i2c_master_uut|state.IDLE      ; Stuck at GND due to stuck port clear        ;
; i2c_master:i2c_master_uut|state.START     ; Stuck at GND due to stuck port clear        ;
; i2c_master:i2c_master_uut|state.ADDR      ; Stuck at GND due to stuck port clear        ;
; i2c_master:i2c_master_uut|state.ACK1      ; Stuck at GND due to stuck port clear        ;
; i2c_master:i2c_master_uut|state.WRITE     ; Stuck at GND due to stuck port clear        ;
; i2c_master:i2c_master_uut|state.ACK2      ; Stuck at GND due to stuck port clear        ;
; i2c_master:i2c_master_uut|state.READ      ; Lost fanout                                 ;
; Total Number of Removed Registers = 26    ;                                             ;
+-------------------------------------------+---------------------------------------------+


+--------------------------------------------------------------------------------------------------------------------------------------------------+
; Removed Registers Triggering Further Register Optimizations                                                                                      ;
+--------------------------------------+--------------------------+--------------------------------------------------------------------------------+
; Register name                        ; Reason for Removal       ; Registers Removed due to This Register                                         ;
+--------------------------------------+--------------------------+--------------------------------------------------------------------------------+
; i2c_master:i2c_master_uut|sda_out    ; Stuck at VCC             ; i2c_master:i2c_master_uut|sda_enable, i2c_master:i2c_master_uut|bit_count[3],  ;
;                                      ; due to stuck port preset ; i2c_master:i2c_master_uut|bit_count[2], i2c_master:i2c_master_uut|bit_count[1] ;
; i2c_master:i2c_master_uut|state~12   ; Lost Fanouts             ; i2c_master:i2c_master_uut|state.READ                                           ;
; i2c_master:i2c_master_uut|state.ADDR ; Stuck at GND             ; i2c_master:i2c_master_uut|state.WRITE                                          ;
;                                      ; due to stuck port clear  ;                                                                                ;
+--------------------------------------+--------------------------+--------------------------------------------------------------------------------+


+------------------------------------------------------+
; General Register Statistics                          ;
+----------------------------------------------+-------+
; Statistic                                    ; Value ;
+----------------------------------------------+-------+
; Total registers                              ; 0     ;
; Number of registers using Synchronous Clear  ; 0     ;
; Number of registers using Synchronous Load   ; 0     ;
; Number of registers using Asynchronous Clear ; 0     ;
; Number of registers using Asynchronous Load  ; 0     ;
; Number of registers using Clock Enable       ; 0     ;
; Number of registers using Preset             ; 0     ;
+----------------------------------------------+-------+


+----------------------------------------------------------------------------------------------------------------------------------------------------------+
; Multiplexer Restructuring Statistics (Restructuring Performed)                                                                                           ;
+--------------------+-----------+---------------+----------------------+------------------------+------------+--------------------------------------------+
; Multiplexer Inputs ; Bus Width ; Baseline Area ; Area if Restructured ; Saving if Restructured ; Registered ; Example Multiplexer Output                 ;
+--------------------+-----------+---------------+----------------------+------------------------+------------+--------------------------------------------+
; 8:1                ; 4 bits    ; 20 LEs        ; 16 LEs               ; 4 LEs                  ; No         ; |simp|i2c_master:i2c_master_uut|Selector11 ;
; 9:1                ; 2 bits    ; 12 LEs        ; 8 LEs                ; 4 LEs                  ; No         ; |simp|i2c_master:i2c_master_uut|Selector10 ;
; 10:1               ; 2 bits    ; 12 LEs        ; 8 LEs                ; 4 LEs                  ; No         ; |simp|i2c_master:i2c_master_uut|Selector14 ;
+--------------------+-----------+---------------+----------------------+------------------------+------------+--------------------------------------------+


+----------------------------------------------------------------------+
; Parameter Settings for User Entity Instance: Top-level Entity: |simp ;
+----------------+---------+-------------------------------------------+
; Parameter Name ; Value   ; Type                                      ;
+----------------+---------+-------------------------------------------+
; IMU_ADDR       ; 1101000 ; Unsigned Binary                           ;
; ACCX_LSB_ADDR  ; 0010010 ; Unsigned Binary                           ;
; ACCX_MSB_ADDR  ; 0010011 ; Unsigned Binary                           ;
; ACCY_LSB_ADDR  ; 0010100 ; Unsigned Binary                           ;
; ACCY_MSB_ADDR  ; 0010101 ; Unsigned Binary                           ;
; ACCZ_LSB_ADDR  ; 0010110 ; Unsigned Binary                           ;
; ACCZ_MSB_ADDR  ; 0010111 ; Unsigned Binary                           ;
+----------------+---------+-------------------------------------------+
Note: In order to hide this table in the UI and the text report file, please set the "Show Parameter Settings in Synthesis Report" option in "Analysis and Synthesis Settings -> More Settings" to "Off".


+--------------------------------------------------------------------------------------------------------------------+
; Port Connectivity Checks: "i2c_master:i2c_master_uut"                                                              ;
+----------+--------+----------+-------------------------------------------------------------------------------------+
; Port     ; Type   ; Severity ; Details                                                                             ;
+----------+--------+----------+-------------------------------------------------------------------------------------+
; data_out ; Output ; Info     ; Connected to dangling logic. Logic that only feeds a dangling port will be removed. ;
; busy     ; Output ; Info     ; Connected to dangling logic. Logic that only feeds a dangling port will be removed. ;
; done     ; Output ; Info     ; Connected to dangling logic. Logic that only feeds a dangling port will be removed. ;
+----------+--------+----------+-------------------------------------------------------------------------------------+


+-----------------------------------------------------+
; Post-Synthesis Netlist Statistics for Top Partition ;
+-----------------------+-----------------------------+
; Type                  ; Count                       ;
+-----------------------+-----------------------------+
; boundary_port         ; 4                           ;
; cycloneiii_io_obuf    ; 1                           ;
; cycloneiii_lcell_comb ; 1                           ;
;     normal            ; 1                           ;
;         0 data inputs ; 1                           ;
;                       ;                             ;
; Max LUT depth         ; 0.00                        ;
; Average LUT depth     ; 0.00                        ;
+-----------------------+-----------------------------+


+-------------------------------+
; Elapsed Time Per Partition    ;
+----------------+--------------+
; Partition Name ; Elapsed Time ;
+----------------+--------------+
; Top            ; 00:00:00     ;
+----------------+--------------+


+-------------------------------+
; Analysis & Synthesis Messages ;
+-------------------------------+
Info: *******************************************************************
Info: Running Quartus Prime Analysis & Synthesis
    Info: Version 23.1std.1 Build 993 05/14/2024 SC Lite Edition
    Info: Processing started: Tue Feb 18 08:06:04 2025
Info: Command: quartus_map --read_settings_files=on --write_settings_files=off Proyecto_SIMP -c SIMP
Warning (18236): Number of processors has not been specified which may cause overloading on shared machines.  Set the global assignment NUM_PARALLEL_PROCESSORS in your QSF to an appropriate value for best performance.
Info (20030): Parallel compilation is enabled and will use 4 of the 4 processors detected
Info (12021): Found 2 design units, including 2 entities, in source file /home/jonathan/Documents/Universidad/Digital/SIMP/src/top_module/simp.v
    Info (12023): Found entity 1: i2c_master File: /home/jonathan/Documents/Universidad/Digital/SIMP/src/interfaces/i2c/i2c_master.v Line: 5
    Info (12023): Found entity 2: simp File: /home/jonathan/Documents/Universidad/Digital/SIMP/src/top_module/simp.v Line: 3
Info (12127): Elaborating entity "simp" for the top level hierarchy
Warning (10230): Verilog HDL assignment warning at simp.v(10): truncated value with size 8 to match size of target (7) File: /home/jonathan/Documents/Universidad/Digital/SIMP/src/top_module/simp.v Line: 10
Info (12128): Elaborating entity "i2c_master" for hierarchy "i2c_master:i2c_master_uut" File: /home/jonathan/Documents/Universidad/Digital/SIMP/src/top_module/simp.v Line: 64
Warning (10230): Verilog HDL assignment warning at i2c_master.v(70): truncated value with size 32 to match size of target (4) File: /home/jonathan/Documents/Universidad/Digital/SIMP/src/interfaces/i2c/i2c_master.v Line: 70
Warning (10230): Verilog HDL assignment warning at i2c_master.v(90): truncated value with size 32 to match size of target (4) File: /home/jonathan/Documents/Universidad/Digital/SIMP/src/interfaces/i2c/i2c_master.v Line: 90
Warning (10230): Verilog HDL assignment warning at i2c_master.v(107): truncated value with size 32 to match size of target (4) File: /home/jonathan/Documents/Universidad/Digital/SIMP/src/interfaces/i2c/i2c_master.v Line: 107
Warning (13009): TRI or OPNDRN buffers permanently enabled
    Warning (13010): Node "i2c_master:i2c_master_uut|sda~synth" File: /home/jonathan/Documents/Universidad/Digital/SIMP/src/interfaces/i2c/i2c_master.v Line: 18
Warning (13024): Output pins are stuck at VCC or GND
    Warning (13410): Pin "scl" is stuck at VCC File: /home/jonathan/Documents/Universidad/Digital/SIMP/src/top_module/simp.v Line: 5
Info (17049): 4 registers lost all their fanouts during netlist optimizations.
Info (16010): Generating hard_block partition "hard_block:auto_generated_inst"
    Info (16011): Adding 0 node(s), including 0 DDIO, 0 PLL, 0 transceiver and 0 LCELL
Warning (21074): Design contains 2 input pin(s) that do not drive logic
    Warning (15610): No output dependent on input pin "start" File: /home/jonathan/Documents/Universidad/Digital/SIMP/src/top_module/simp.v Line: 8
    Warning (15610): No output dependent on input pin "clk" File: /home/jonathan/Documents/Universidad/Digital/SIMP/src/top_module/simp.v Line: 4
Info (21057): Implemented 4 device resources after synthesis - the final resource count might be different
    Info (21058): Implemented 2 input pins
    Info (21059): Implemented 1 output pins
    Info (21060): Implemented 1 bidirectional pins
Info: Quartus Prime Analysis & Synthesis was successful. 0 errors, 12 warnings
    Info: Peak virtual memory: 345 megabytes
    Info: Processing ended: Tue Feb 18 08:06:17 2025
    Info: Elapsed time: 00:00:13
    Info: Total CPU time (on all processors): 00:00:38


